<?xml version="1.0" encoding="UTF-8"?>
<!-- Generated by org.testng.reporters.JUnitReportReporter -->
<testsuite hostname="LTIN233315" failures="0" tests="28" name="testCases.TC04_SenderDetailsTest" time="50.150" errors="0" timestamp="2024-02-15T10:19:30 IST" skipped="0">
  <testcase classname="testCases.TC04_SenderDetailsTest" name="clickOnCabsTest" time="5.322"/>
  <testcase classname="testCases.TC04_SenderDetailsTest" name="clickOnCabsTest" time="5.595"/>
  <testcase classname="testCases.TC04_SenderDetailsTest" name="inputfromCityTest" time="0.833"/>
  <testcase classname="testCases.TC04_SenderDetailsTest" name="inputfromCityTest" time="0.857"/>
  <testcase classname="testCases.TC04_SenderDetailsTest" name="inputToCityTest" time="0.825"/>
  <testcase classname="testCases.TC04_SenderDetailsTest" name="inputToCityTest" time="1.053"/>
  <testcase classname="testCases.TC04_SenderDetailsTest" name="inputDateTest" time="0.200"/>
  <testcase classname="testCases.TC04_SenderDetailsTest" name="inputDateTest" time="0.267"/>
  <testcase classname="testCases.TC04_SenderDetailsTest" name="inputTimeTest" time="0.834"/>
  <testcase classname="testCases.TC04_SenderDetailsTest" name="inputTimeTest" time="1.006"/>
  <testcase classname="testCases.TC04_SenderDetailsTest" name="clickOnSearchTest" time="2.883"/>
  <testcase classname="testCases.TC04_SenderDetailsTest" name="clickOnSearchTest" time="2.356"/>
  <testcase classname="testCases.TC04_SenderDetailsTest" name="selectSUVTest" time="1.758"/>
  <testcase classname="testCases.TC04_SenderDetailsTest" name="selectSUVTest" time="1.574"/>
  <testcase classname="testCases.TC04_SenderDetailsTest" name="selectLowestPriceTest" time="1.283"/>
  <testcase classname="testCases.TC04_SenderDetailsTest" name="selectLowestPriceTest" time="0.284"/>
  <testcase classname="testCases.TC04_SenderDetailsTest" name="selectGiftTest" time="3.200"/>
  <testcase classname="testCases.TC04_SenderDetailsTest" name="selectGiftTest" time="2.651"/>
  <testcase classname="testCases.TC04_SenderDetailsTest" name="selectWeddingCardTest" time="1.876"/>
  <testcase classname="testCases.TC04_SenderDetailsTest" name="selectWeddingCardTest" time="2.542"/>
  <testcase classname="testCases.TC04_SenderDetailsTest" name="inputSenderandrecipientsDetailsTest" time="1.588"/>
  <testcase classname="testCases.TC04_SenderDetailsTest" name="inputSenderandrecipientsDetailsTest" time="1.710"/>
  <testcase classname="testCases.TC04_SenderDetailsTest" name="getAlertMsgTest" time="0.455"/>
  <testcase classname="testCases.TC04_SenderDetailsTest" name="getAlertMsgTest" time="0.395"/>
  <testcase classname="testCases.TC04_SenderDetailsTest" name="goToHotelsTest" time="0.710"/>
  <testcase classname="testCases.TC04_SenderDetailsTest" name="goToHotelsTest" time="0.549"/>
  <testcase classname="testCases.TC04_SenderDetailsTest" name="getNumberOfPeopleTest" time="4.600"/>
  <testcase classname="testCases.TC04_SenderDetailsTest" name="getNumberOfPeopleTest" time="2.944"/>
</testsuite> <!-- testCases.TC04_SenderDetailsTest -->
