<?xml version="1.0" encoding="UTF-8"?>
<!-- Generated by org.testng.reporters.JUnitReportReporter -->
<testsuite hostname="LTIN233315" failures="0" tests="14" name="testCases.TC04_SenderDetailsTest" time="27.321" errors="0" timestamp="2024-02-15T10:21:14 IST" skipped="0">
  <testcase classname="testCases.TC04_SenderDetailsTest" name="clickOnCabsTest" time="5.517"/>
  <testcase classname="testCases.TC04_SenderDetailsTest" name="inputfromCityTest" time="0.827"/>
  <testcase classname="testCases.TC04_SenderDetailsTest" name="inputToCityTest" time="1.055"/>
  <testcase classname="testCases.TC04_SenderDetailsTest" name="inputDateTest" time="0.219"/>
  <testcase classname="testCases.TC04_SenderDetailsTest" name="inputTimeTest" time="0.916"/>
  <testcase classname="testCases.TC04_SenderDetailsTest" name="clickOnSearchTest" time="2.955"/>
  <testcase classname="testCases.TC04_SenderDetailsTest" name="selectSUVTest" time="2.420"/>
  <testcase classname="testCases.TC04_SenderDetailsTest" name="selectLowestPriceTest" time="1.339"/>
  <testcase classname="testCases.TC04_SenderDetailsTest" name="selectGiftTest" time="2.679"/>
  <testcase classname="testCases.TC04_SenderDetailsTest" name="selectWeddingCardTest" time="2.243"/>
  <testcase classname="testCases.TC04_SenderDetailsTest" name="inputSenderandrecipientsDetailsTest" time="1.930"/>
  <testcase classname="testCases.TC04_SenderDetailsTest" name="getAlertMsgTest" time="0.412"/>
  <testcase classname="testCases.TC04_SenderDetailsTest" name="goToHotelsTest" time="0.651"/>
  <testcase classname="testCases.TC04_SenderDetailsTest" name="getNumberOfPeopleTest" time="4.158"/>
</testsuite> <!-- testCases.TC04_SenderDetailsTest -->
